<?xml version="1.0" encoding="UTF-8"?>
<!-- Generated by org.testng.reporters.JUnitReportReporter -->
<testsuite hostname="mkravchuk-PC" name="com.ibhs.test.Billing_validation_Test" tests="1" failures="1" timestamp="17 Nov 2014 14:22:11 GMT" time="0.001" errors="0">
  <testcase name="jj" time="0.001" classname="com.ibhs.test.Billing_validation_Test">
    <failure type="java.lang.RuntimeException" message="java.lang.InstantiationException: com.ibhs.framework.Settings$BillingPage">
      <![CDATA[java.lang.RuntimeException: java.lang.InstantiationException: com.ibhs.framework.Settings$BillingPage
	at org.openqa.selenium.support.PageFactory.instantiatePage(PageFactory.java:136)
	at org.openqa.selenium.support.PageFactory.initElements(PageFactory.java:66)
	at com.ibhs.pages.LoginPage.signIn(LoginPage.java:25)
	at com.ibhs.test.Billing_validation_Test.setUp(Billing_validation_Test.java:18)
	at sun.reflect.NativeMethodAccessorImpl.invoke0(Native Method)
	at sun.reflect.NativeMethodAccessorImpl.invoke(Unknown Source)
	at sun.reflect.DelegatingMethodAccessorImpl.invoke(Unknown Source)
	at java.lang.reflect.Method.invoke(Unknown Source)
	at org.testng.internal.MethodInvocationHelper.invokeMethod(MethodInvocationHelper.java:84)
	at org.testng.internal.Invoker.invokeConfigurationMethod(Invoker.java:564)
	at org.testng.internal.Invoker.invokeConfigurations(Invoker.java:213)
	at org.testng.internal.Invoker.invokeConfigurations(Invoker.java:138)
	at org.testng.internal.TestMethodWorker.invokeBeforeClassMethods(TestMethodWorker.java:175)
	at org.testng.internal.TestMethodWorker.run(TestMethodWorker.java:107)
	at org.testng.TestRunner.privateRun(TestRunner.java:767)
	at org.testng.TestRunner.run(TestRunner.java:617)
	at org.testng.SuiteRunner.runTest(SuiteRunner.java:334)
	at org.testng.SuiteRunner.runSequentially(SuiteRunner.java:329)
	at org.testng.SuiteRunner.privateRun(SuiteRunner.java:291)
	at org.testng.SuiteRunner.run(SuiteRunner.java:240)
	at org.testng.SuiteRunnerWorker.runSuite(SuiteRunnerWorker.java:52)
	at org.testng.SuiteRunnerWorker.run(SuiteRunnerWorker.java:86)
	at org.testng.TestNG.runSuitesSequentially(TestNG.java:1224)
	at org.testng.TestNG.runSuitesLocally(TestNG.java:1149)
	at org.testng.TestNG.run(TestNG.java:1057)
	at org.testng.remote.RemoteTestNG.run(RemoteTestNG.java:111)
	at org.testng.remote.RemoteTestNG.initAndRun(RemoteTestNG.java:204)
	at org.testng.remote.RemoteTestNG.main(RemoteTestNG.java:175)
Caused by: java.lang.InstantiationException: com.ibhs.framework.Settings$BillingPage
	at java.lang.Class.newInstance(Unknown Source)
	at org.openqa.selenium.support.PageFactory.instantiatePage(PageFactory.java:133)
	... 27 more
Caused by: java.lang.NoSuchMethodException: com.ibhs.framework.Settings$BillingPage.<init>()
	at java.lang.Class.getConstructor0(Unknown Source)
	... 29 more
]]>
    </failure>
  </testcase> <!-- jj -->
</testsuite> <!-- com.ibhs.test.Billing_validation_Test -->
